mvp/build/intermediates/manifest_merge_blame_file/debug/manifest-merger-blame-debug-report.txt
1<?xml version="1.0" encoding="utf-8"?>
2<manifest xmlns:android="http://schemas.android.com/apk/res/android"
3    package="com.example.mvp"
4    android:versionCode="1" >
5
6    <uses-sdk
7        android:minSdkVersion="16"
<<<<<<< HEAD
<<<<<<< HEAD
7-->src\main\AndroidManifest.xml
8        android:targetSdkVersion="30" />
8-->src\main\AndroidManifest.xml
=======
7-->src\main\AndroidManifest.xml
8        android:targetSdkVersion="30" />
8-->src\main\AndroidManifest.xml
>>>>>>> 1a5fa715d6c16be138b5ff937f06c847f48641e3
=======
7-->src\main\AndroidManifest.xml
8        android:targetSdkVersion="30" />
8-->src\main\AndroidManifest.xml
>>>>>>> dev
9    /
10
11</manifest>